<?xml version="1.0" encoding="UTF-8"?>
<testng-results ignored="0" total="1" passed="1" failed="0" skipped="0">
  <reporter-output>
  </reporter-output>
  <suite started-at="2026-01-16T10:33:11 IST" name="Default suite" finished-at="2026-01-16T10:33:26 IST" duration-ms="15518">
    <groups>
    </groups>
    <test started-at="2026-01-16T10:33:11 IST" name="Default test" finished-at="2026-01-16T10:33:26 IST" duration-ms="15518">
      <class name="testcases.TC01_RegisterUserTest">
        <test-method is-config="true" signature="launchBrowser()[pri:0, instance:testcases.TC01_RegisterUserTest@55141def]" started-at="2026-01-16T10:33:11 IST" name="launchBrowser" finished-at="2026-01-16T10:33:16 IST" duration-ms="4867" status="PASS">
          <reporter-output>
          </reporter-output>
        </test-method> <!-- launchBrowser -->
        <test-method signature="registerUser()[pri:0, instance:testcases.TC01_RegisterUserTest@55141def]" started-at="2026-01-16T10:33:16 IST" name="registerUser" finished-at="2026-01-16T10:33:26 IST" duration-ms="10142" status="PASS">
          <reporter-output>
          </reporter-output>
        </test-method> <!-- registerUser -->
        <test-method is-config="true" signature="closeBrowser()[pri:0, instance:testcases.TC01_RegisterUserTest@55141def]" started-at="2026-01-16T10:33:26 IST" name="closeBrowser" finished-at="2026-01-16T10:33:26 IST" duration-ms="448" status="PASS">
          <reporter-output>
          </reporter-output>
        </test-method> <!-- closeBrowser -->
      </class> <!-- testcases.TC01_RegisterUserTest -->
    </test> <!-- Default test -->
  </suite> <!-- Default suite -->
</testng-results>
